# JRE version: OpenJDK Runtime Environment (8.0_76-b03) (build 1.8.0_76-release-b03)
# Java VM: OpenJDK 64-Bit Server VM (25.76-b03 mixed mode linux-amd64 compressed oops)
Heap:
 PSYoungGen      total 463360K, used 10212K [0x00000000e0000000, 0x0000000100000000, 0x0000000100000000)
  eden space 438272K, 0% used [0x00000000e0000000,0x00000000e0000000,0x00000000fac00000)
  from space 25088K, 40% used [0x00000000fe780000,0x00000000ff179318,0x0000000100000000)
  to   space 43008K, 0% used [0x00000000fac00000,0x00000000fac00000,0x00000000fd600000)
 ParOldGen       total 86528K, used 86212K [0x00000000a0000000, 0x00000000a5480000, 0x00000000e0000000)
  object space 86528K, 99% used [0x00000000a0000000,0x00000000a5431090,0x00000000a5480000)
 Metaspace       used 62641K, capacity 64376K, committed 64512K, reserved 1105920K
  class space    used 8067K, capacity 8434K, committed 8448K, reserved 1048576K
GC Heap History (10 events):
Event: 12,832 GC heap after
Heap after GC invocations=15 (full 2):
 PSYoungGen      total 264192K, used 7642K [0x00000000e0000000, 0x00000000f8e80000, 0x0000000100000000)
  eden space 243712K, 0% used [0x00000000e0000000,0x00000000e0000000,0x00000000eee00000)
  from space 20480K, 37% used [0x00000000eee00000,0x00000000ef576bb0,0x00000000f0200000)
  to   space 19968K, 0% used [0x00000000f7b00000,0x00000000f7b00000,0x00000000f8e80000)
 ParOldGen       total 59392K, used 45232K [0x00000000a0000000, 0x00000000a3a00000, 0x00000000e0000000)
  object space 59392K, 76% used [0x00000000a0000000,0x00000000a2c2c0e0,0x00000000a3a00000)
 Metaspace       used 57457K, capacity 59058K, committed 59136K, reserved 1099776K
  class space    used 7553K, capacity 7899K, committed 7936K, reserved 1048576K
}
Event: 12,832 GC heap before
{Heap before GC invocations=16 (full 3):
 PSYoungGen      total 264192K, used 7642K [0x00000000e0000000, 0x00000000f8e80000, 0x0000000100000000)
  eden space 243712K, 0% used [0x00000000e0000000,0x00000000e0000000,0x00000000eee00000)
  from space 20480K, 37% used [0x00000000eee00000,0x00000000ef576bb0,0x00000000f0200000)
  to   space 19968K, 0% used [0x00000000f7b00000,0x00000000f7b00000,0x00000000f8e80000)
 ParOldGen       total 59392K, used 45232K [0x00000000a0000000, 0x00000000a3a00000, 0x00000000e0000000)
  object space 59392K, 76% used [0x00000000a0000000,0x00000000a2c2c0e0,0x00000000a3a00000)
 Metaspace       used 57457K, capacity 59058K, committed 59136K, reserved 1099776K
  class space    used 7553K, capacity 7899K, committed 7936K, reserved 1048576K
Event: 13,064 GC heap after
Heap after GC invocations=16 (full 3):
 PSYoungGen      total 264192K, used 0K [0x00000000e0000000, 0x00000000f8e80000, 0x0000000100000000)
  eden space 243712K, 0% used [0x00000000e0000000,0x00000000e0000000,0x00000000eee00000)
  from space 20480K, 0% used [0x00000000eee00000,0x00000000eee00000,0x00000000f0200000)
  to   space 19968K, 0% used [0x00000000f7b00000,0x00000000f7b00000,0x00000000f8e80000)
 ParOldGen       total 86528K, used 34729K [0x00000000a0000000, 0x00000000a5480000, 0x00000000e0000000)
  object space 86528K, 40% used [0x00000000a0000000,0x00000000a21ea4e8,0x00000000a5480000)
 Metaspace       used 57438K, capacity 59008K, committed 59136K, reserved 1099776K
  class space    used 7547K, capacity 7886K, committed 7936K, reserved 1048576K
}
Event: 13,488 GC heap before
{Heap before GC invocations=17 (full 3):
 PSYoungGen      total 264192K, used 243712K [0x00000000e0000000, 0x00000000f8e80000, 0x0000000100000000)
  eden space 243712K, 100% used [0x00000000e0000000,0x00000000eee00000,0x00000000eee00000)
  from space 20480K, 0% used [0x00000000eee00000,0x00000000eee00000,0x00000000f0200000)
  to   space 19968K, 0% used [0x00000000f7b00000,0x00000000f7b00000,0x00000000f8e80000)
 ParOldGen       total 86528K, used 34729K [0x00000000a0000000, 0x00000000a5480000, 0x00000000e0000000)
  object space 86528K, 40% used [0x00000000a0000000,0x00000000a21ea4e8,0x00000000a5480000)
 Metaspace       used 58401K, capacity 60076K, committed 60288K, reserved 1101824K
  class space    used 7690K, capacity 8028K, committed 8064K, reserved 1048576K
Event: 13,493 GC heap after
Heap after GC invocations=17 (full 3):
 PSYoungGen      total 374784K, used 1221K [0x00000000e0000000, 0x00000000f8880000, 0x0000000100000000)
  eden space 360960K, 0% used [0x00000000e0000000,0x00000000e0000000,0x00000000f6080000)
  from space 13824K, 8% used [0x00000000f7b00000,0x00000000f7c31700,0x00000000f8880000)
  to   space 20480K, 0% used [0x00000000f6080000,0x00000000f6080000,0x00000000f7480000)
 ParOldGen       total 86528K, used 34737K [0x00000000a0000000, 0x00000000a5480000, 0x00000000e0000000)
  object space 86528K, 40% used [0x00000000a0000000,0x00000000a21ec4e8,0x00000000a5480000)
 Metaspace       used 58401K, capacity 60076K, committed 60288K, reserved 1101824K
  class space    used 7690K, capacity 8028K, committed 8064K, reserved 1048576K
}
Event: 15,367 GC heap before
{Heap before GC invocations=18 (full 3):
 PSYoungGen      total 374784K, used 362181K [0x00000000e0000000, 0x00000000f8880000, 0x0000000100000000)
  eden space 360960K, 100% used [0x00000000e0000000,0x00000000f6080000,0x00000000f6080000)
  from space 13824K, 8% used [0x00000000f7b00000,0x00000000f7c31700,0x00000000f8880000)
  to   space 20480K, 0% used [0x00000000f6080000,0x00000000f6080000,0x00000000f7480000)
 ParOldGen       total 86528K, used 34737K [0x00000000a0000000, 0x00000000a5480000, 0x00000000e0000000)
  object space 86528K, 40% used [0x00000000a0000000,0x00000000a21ec4e8,0x00000000a5480000)
 Metaspace       used 62418K, capacity 64208K, committed 64256K, reserved 1105920K
  class space    used 8067K, capacity 8438K, committed 8448K, reserved 1048576K
Event: 15,413 GC heap after
Heap after GC invocations=18 (full 3):
 PSYoungGen      total 381440K, used 20452K [0x00000000e0000000, 0x0000000100000000, 0x0000000100000000)
  eden space 360960K, 0% used [0x00000000e0000000,0x00000000e0000000,0x00000000f6080000)
  from space 20480K, 99% used [0x00000000f6080000,0x00000000f7479188,0x00000000f7480000)
  to   space 25088K, 0% used [0x00000000fe780000,0x00000000fe780000,0x0000000100000000)
 ParOldGen       total 86528K, used 39374K [0x00000000a0000000, 0x00000000a5480000, 0x00000000e0000000)
  object space 86528K, 45% used [0x00000000a0000000,0x00000000a2673ba0,0x00000000a5480000)
 Metaspace       used 62418K, capacity 64208K, committed 64256K, reserved 1105920K
  class space    used 8067K, capacity 8438K, committed 8448K, reserved 1048576K
}
Event: 16,307 GC heap before
{Heap before GC invocations=19 (full 3):
 PSYoungGen      total 381440K, used 381412K [0x00000000e0000000, 0x0000000100000000, 0x0000000100000000)
  eden space 360960K, 100% used [0x00000000e0000000,0x00000000f6080000,0x00000000f6080000)
  from space 20480K, 99% used [0x00000000f6080000,0x00000000f7479188,0x00000000f7480000)
  to   space 25088K, 0% used [0x00000000fe780000,0x00000000fe780000,0x0000000100000000)
 ParOldGen       total 86528K, used 39374K [0x00000000a0000000, 0x00000000a5480000, 0x00000000e0000000)
  object space 86528K, 45% used [0x00000000a0000000,0x00000000a2673ba0,0x00000000a5480000)
 Metaspace       used 62649K, capacity 64400K, committed 64512K, reserved 1105920K
  class space    used 8069K, capacity 8438K, committed 8448K, reserved 1048576K
Event: 16,390 GC heap after
Heap after GC invocations=19 (full 3):
 PSYoungGen      total 463360K, used 25086K [0x00000000e0000000, 0x0000000100000000, 0x0000000100000000)
  eden space 438272K, 0% used [0x00000000e0000000,0x00000000e0000000,0x00000000fac00000)
  from space 25088K, 99% used [0x00000000fe780000,0x00000000fffff998,0x0000000100000000)
  to   space 43008K, 0% used [0x00000000fac00000,0x00000000fac00000,0x00000000fd600000)
 ParOldGen       total 86528K, used 76035K [0x00000000a0000000, 0x00000000a5480000, 0x00000000e0000000)
  object space 86528K, 87% used [0x00000000a0000000,0x00000000a4a40c70,0x00000000a5480000)
 Metaspace       used 62649K, capacity 64400K, committed 64512K, reserved 1105920K
  class space    used 8069K, capacity 8438K, committed 8448K, reserved 1048576K
}
Event: 16,390 GC heap before
{Heap before GC invocations=20 (full 4):
 PSYoungGen      total 463360K, used 25086K [0x00000000e0000000, 0x0000000100000000, 0x0000000100000000)
  eden space 438272K, 0% used [0x00000000e0000000,0x00000000e0000000,0x00000000fac00000)
  from space 25088K, 99% used [0x00000000fe780000,0x00000000fffff998,0x0000000100000000)
  to   space 43008K, 0% used [0x00000000fac00000,0x00000000fac00000,0x00000000fd600000)
 ParOldGen       total 86528K, used 76035K [0x00000000a0000000, 0x00000000a5480000, 0x00000000e0000000)
  object space 86528K, 87% used [0x00000000a0000000,0x00000000a4a40c70,0x00000000a5480000)
 Metaspace       used 62649K, capacity 64400K, committed 64512K, reserved 1105920K
  class space    used 8069K, capacity 8438K, committed 8448K, reserved 1048576K

