# JRE version: OpenJDK Runtime Environment (8.0_76-b03) (build 1.8.0_76-release-b03)
# Java VM: OpenJDK 64-Bit Server VM (25.76-b03 mixed mode linux-amd64 compressed oops)
Heap:
 PSYoungGen      total 381952K, used 24054K [0x00000000e0000000, 0x00000000f8c80000, 0x0000000100000000)
  eden space 357888K, 0% used [0x00000000e0000000,0x00000000e0000000,0x00000000f5d80000)
  from space 24064K, 99% used [0x00000000f5d80000,0x00000000f74fdb70,0x00000000f7500000)
  to   space 20480K, 0% used [0x00000000f7500000,0x00000000f7500000,0x00000000f8900000)
 ParOldGen       total 77824K, used 69082K [0x00000000a0000000, 0x00000000a4c00000, 0x00000000e0000000)
  object space 77824K, 88% used [0x00000000a0000000,0x00000000a4376bc0,0x00000000a4c00000)
 Metaspace       used 62493K, capacity 64230K, committed 64512K, reserved 1105920K
  class space    used 8059K, capacity 8429K, committed 8448K, reserved 1048576K
GC Heap History (10 events):
Event: 11,422 GC heap after
Heap after GC invocations=15 (full 2):
 PSYoungGen      total 231936K, used 14665K [0x00000000e0000000, 0x00000000f3b00000, 0x0000000100000000)
  eden space 212480K, 0% used [0x00000000e0000000,0x00000000e0000000,0x00000000ecf80000)
  from space 19456K, 75% used [0x00000000ecf80000,0x00000000eddd27a0,0x00000000ee280000)
  to   space 20992K, 0% used [0x00000000f2680000,0x00000000f2680000,0x00000000f3b00000)
 ParOldGen       total 47616K, used 35973K [0x00000000a0000000, 0x00000000a2e80000, 0x00000000e0000000)
  object space 47616K, 75% used [0x00000000a0000000,0x00000000a23214f0,0x00000000a2e80000)
 Metaspace       used 56867K, capacity 58312K, committed 58624K, reserved 1099776K
  class space    used 7502K, capacity 7844K, committed 7936K, reserved 1048576K
}
Event: 11,819 GC heap before
{Heap before GC invocations=16 (full 2):
 PSYoungGen      total 231936K, used 52774K [0x00000000e0000000, 0x00000000f3b00000, 0x0000000100000000)
  eden space 212480K, 17% used [0x00000000e0000000,0x00000000e25370c8,0x00000000ecf80000)
  from space 19456K, 75% used [0x00000000ecf80000,0x00000000eddd27a0,0x00000000ee280000)
  to   space 20992K, 0% used [0x00000000f2680000,0x00000000f2680000,0x00000000f3b00000)
 ParOldGen       total 47616K, used 35973K [0x00000000a0000000, 0x00000000a2e80000, 0x00000000e0000000)
  object space 47616K, 75% used [0x00000000a0000000,0x00000000a23214f0,0x00000000a2e80000)
 Metaspace       used 57541K, capacity 59108K, committed 59136K, reserved 1099776K
  class space    used 7581K, capacity 7936K, committed 7936K, reserved 1048576K
Event: 11,834 GC heap after
Heap after GC invocations=16 (full 2):
 PSYoungGen      total 301568K, used 1277K [0x00000000e0000000, 0x00000000f3d80000, 0x0000000100000000)
  eden space 280576K, 0% used [0x00000000e0000000,0x00000000e0000000,0x00000000f1200000)
  from space 20992K, 6% used [0x00000000f2680000,0x00000000f27bf6a0,0x00000000f3b00000)
  to   space 20992K, 0% used [0x00000000f1200000,0x00000000f1200000,0x00000000f2680000)
 ParOldGen       total 47616K, used 40609K [0x00000000a0000000, 0x00000000a2e80000, 0x00000000e0000000)
  object space 47616K, 85% used [0x00000000a0000000,0x00000000a27a8550,0x00000000a2e80000)
 Metaspace       used 57541K, capacity 59108K, committed 59136K, reserved 1099776K
  class space    used 7581K, capacity 7936K, committed 7936K, reserved 1048576K
}
Event: 11,834 GC heap before
{Heap before GC invocations=17 (full 3):
 PSYoungGen      total 301568K, used 1277K [0x00000000e0000000, 0x00000000f3d80000, 0x0000000100000000)
  eden space 280576K, 0% used [0x00000000e0000000,0x00000000e0000000,0x00000000f1200000)
  from space 20992K, 6% used [0x00000000f2680000,0x00000000f27bf6a0,0x00000000f3b00000)
  to   space 20992K, 0% used [0x00000000f1200000,0x00000000f1200000,0x00000000f2680000)
 ParOldGen       total 47616K, used 40609K [0x00000000a0000000, 0x00000000a2e80000, 0x00000000e0000000)
  object space 47616K, 85% used [0x00000000a0000000,0x00000000a27a8550,0x00000000a2e80000)
 Metaspace       used 57541K, capacity 59108K, committed 59136K, reserved 1099776K
  class space    used 7581K, capacity 7936K, committed 7936K, reserved 1048576K
Event: 12,104 GC heap after
Heap after GC invocations=17 (full 3):
 PSYoungGen      total 301568K, used 0K [0x00000000e0000000, 0x00000000f3d80000, 0x0000000100000000)
  eden space 280576K, 0% used [0x00000000e0000000,0x00000000e0000000,0x00000000f1200000)
  from space 20992K, 0% used [0x00000000f2680000,0x00000000f2680000,0x00000000f3b00000)
  to   space 20992K, 0% used [0x00000000f1200000,0x00000000f1200000,0x00000000f2680000)
 ParOldGen       total 77824K, used 34048K [0x00000000a0000000, 0x00000000a4c00000, 0x00000000e0000000)
  object space 77824K, 43% used [0x00000000a0000000,0x00000000a2140258,0x00000000a4c00000)
 Metaspace       used 57524K, capacity 59062K, committed 59136K, reserved 1099776K
  class space    used 7575K, capacity 7925K, committed 7936K, reserved 1048576K
}
Event: 12,870 GC heap before
{Heap before GC invocations=18 (full 3):
 PSYoungGen      total 301568K, used 280576K [0x00000000e0000000, 0x00000000f3d80000, 0x0000000100000000)
  eden space 280576K, 100% used [0x00000000e0000000,0x00000000f1200000,0x00000000f1200000)
  from space 20992K, 0% used [0x00000000f2680000,0x00000000f2680000,0x00000000f3b00000)
  to   space 20992K, 0% used [0x00000000f1200000,0x00000000f1200000,0x00000000f2680000)
 ParOldGen       total 77824K, used 34048K [0x00000000a0000000, 0x00000000a4c00000, 0x00000000e0000000)
  object space 77824K, 43% used [0x00000000a0000000,0x00000000a2140258,0x00000000a4c00000)
 Metaspace       used 59574K, capacity 61220K, committed 61440K, reserved 1101824K
  class space    used 7823K, capacity 8172K, committed 8192K, reserved 1048576K
Event: 12,890 GC heap after
Heap after GC invocations=18 (full 3):
 PSYoungGen      total 301568K, used 3233K [0x00000000e0000000, 0x00000000f8900000, 0x0000000100000000)
  eden space 280576K, 0% used [0x00000000e0000000,0x00000000e0000000,0x00000000f1200000)
  from space 20992K, 15% used [0x00000000f1200000,0x00000000f1528600,0x00000000f2680000)
  to   space 20480K, 0% used [0x00000000f7500000,0x00000000f7500000,0x00000000f8900000)
 ParOldGen       total 77824K, used 34056K [0x00000000a0000000, 0x00000000a4c00000, 0x00000000e0000000)
  object space 77824K, 43% used [0x00000000a0000000,0x00000000a2142258,0x00000000a4c00000)
 Metaspace       used 59574K, capacity 61220K, committed 61440K, reserved 1101824K
  class space    used 7823K, capacity 8172K, committed 8192K, reserved 1048576K
}
Event: 14,687 GC heap before
{Heap before GC invocations=19 (full 3):
 PSYoungGen      total 301568K, used 283809K [0x00000000e0000000, 0x00000000f8900000, 0x0000000100000000)
  eden space 280576K, 100% used [0x00000000e0000000,0x00000000f1200000,0x00000000f1200000)
  from space 20992K, 15% used [0x00000000f1200000,0x00000000f1528600,0x00000000f2680000)
  to   space 20480K, 0% used [0x00000000f7500000,0x00000000f7500000,0x00000000f8900000)
 ParOldGen       total 77824K, used 34056K [0x00000000a0000000, 0x00000000a4c00000, 0x00000000e0000000)
  object space 77824K, 43% used [0x00000000a0000000,0x00000000a2142258,0x00000000a4c00000)
 Metaspace       used 62386K, capacity 64038K, committed 64256K, reserved 1105920K
  class space    used 8058K, capacity 8429K, committed 8448K, reserved 1048576K
Event: 14,720 GC heap after
Heap after GC invocations=19 (full 3):
 PSYoungGen      total 378368K, used 20479K [0x00000000e0000000, 0x00000000f8c80000, 0x0000000100000000)
  eden space 357888K, 0% used [0x00000000e0000000,0x00000000e0000000,0x00000000f5d80000)
  from space 20480K, 99% used [0x00000000f7500000,0x00000000f88ffcf0,0x00000000f8900000)
  to   space 24064K, 0% used [0x00000000f5d80000,0x00000000f5d80000,0x00000000f7500000)
 ParOldGen       total 77824K, used 35268K [0x00000000a0000000, 0x00000000a4c00000, 0x00000000e0000000)
  object space 77824K, 45% used [0x00000000a0000000,0x00000000a2271268,0x00000000a4c00000)
 Metaspace       used 62386K, capacity 64038K, committed 64256K, reserved 1105920K
  class space    used 8058K, capacity 8429K, committed 8448K, reserved 1048576K
}
Event: 15,621 GC heap before
{Heap before GC invocations=20 (full 3):
 PSYoungGen      total 378368K, used 378367K [0x00000000e0000000, 0x00000000f8c80000, 0x0000000100000000)
  eden space 357888K, 100% used [0x00000000e0000000,0x00000000f5d80000,0x00000000f5d80000)
  from space 20480K, 99% used [0x00000000f7500000,0x00000000f88ffcf0,0x00000000f8900000)
  to   space 24064K, 0% used [0x00000000f5d80000,0x00000000f5d80000,0x00000000f7500000)
 ParOldGen       total 77824K, used 35268K [0x00000000a0000000, 0x00000000a4c00000, 0x00000000e0000000)
  object space 77824K, 45% used [0x00000000a0000000,0x00000000a2271268,0x00000000a4c00000)
 Metaspace       used 62493K, capacity 64230K, committed 64512K, reserved 1105920K
  class space    used 8059K, capacity 8429K, committed 8448K, reserved 1048576K

