# JRE version: OpenJDK Runtime Environment (8.0_76-b03) (build 1.8.0_76-release-b03)
# Java VM: OpenJDK 64-Bit Server VM (25.76-b03 mixed mode linux-amd64 compressed oops)
Heap:
 PSYoungGen      total 308224K, used 30708K [0x00000000e0000000, 0x00000000f5080000, 0x0000000100000000)
  eden space 277504K, 0% used [0x00000000e0000000,0x00000000e0000000,0x00000000f0f00000)
  from space 30720K, 99% used [0x00000000f0f00000,0x00000000f2cfd0e8,0x00000000f2d00000)
  to   space 28160K, 0% used [0x00000000f2d00000,0x00000000f2d00000,0x00000000f4880000)
 ParOldGen       total 95744K, used 58170K [0x00000000a0000000, 0x00000000a5d80000, 0x00000000e0000000)
  object space 95744K, 60% used [0x00000000a0000000,0x00000000a38ce9e0,0x00000000a5d80000)
 Metaspace       used 62416K, capacity 64130K, committed 64256K, reserved 1105920K
  class space    used 8065K, capacity 8437K, committed 8448K, reserved 1048576K
GC Heap History (10 events):
Event: 11,877 GC heap after
Heap after GC invocations=15 (full 2):
 PSYoungGen      total 197120K, used 18571K [0x00000000e0000000, 0x00000000f0980000, 0x0000000100000000)
  eden space 175104K, 0% used [0x00000000e0000000,0x00000000e0000000,0x00000000eab00000)
  from space 22016K, 84% used [0x00000000eab00000,0x00000000ebd22ca8,0x00000000ec080000)
  to   space 24064K, 0% used [0x00000000ef200000,0x00000000ef200000,0x00000000f0980000)
 ParOldGen       total 66048K, used 24571K [0x00000000a0000000, 0x00000000a4080000, 0x00000000e0000000)
  object space 66048K, 37% used [0x00000000a0000000,0x00000000a17fef70,0x00000000a4080000)
 Metaspace       used 57574K, capacity 59102K, committed 59136K, reserved 1099776K
  class space    used 7590K, capacity 7933K, committed 7936K, reserved 1048576K
}
Event: 11,878 GC heap before
{Heap before GC invocations=16 (full 3):
 PSYoungGen      total 197120K, used 18571K [0x00000000e0000000, 0x00000000f0980000, 0x0000000100000000)
  eden space 175104K, 0% used [0x00000000e0000000,0x00000000e0000000,0x00000000eab00000)
  from space 22016K, 84% used [0x00000000eab00000,0x00000000ebd22ca8,0x00000000ec080000)
  to   space 24064K, 0% used [0x00000000ef200000,0x00000000ef200000,0x00000000f0980000)
 ParOldGen       total 66048K, used 24571K [0x00000000a0000000, 0x00000000a4080000, 0x00000000e0000000)
  object space 66048K, 37% used [0x00000000a0000000,0x00000000a17fef70,0x00000000a4080000)
 Metaspace       used 57574K, capacity 59102K, committed 59136K, reserved 1099776K
  class space    used 7590K, capacity 7933K, committed 7936K, reserved 1048576K
Event: 12,054 GC heap after
Heap after GC invocations=16 (full 3):
 PSYoungGen      total 197120K, used 0K [0x00000000e0000000, 0x00000000f0980000, 0x0000000100000000)
  eden space 175104K, 0% used [0x00000000e0000000,0x00000000e0000000,0x00000000eab00000)
  from space 22016K, 0% used [0x00000000eab00000,0x00000000eab00000,0x00000000ec080000)
  to   space 24064K, 0% used [0x00000000ef200000,0x00000000ef200000,0x00000000f0980000)
 ParOldGen       total 95744K, used 33968K [0x00000000a0000000, 0x00000000a5d80000, 0x00000000e0000000)
  object space 95744K, 35% used [0x00000000a0000000,0x00000000a212c170,0x00000000a5d80000)
 Metaspace       used 57562K, capacity 59068K, committed 59136K, reserved 1099776K
  class space    used 7586K, capacity 7926K, committed 7936K, reserved 1048576K
}
Event: 12,263 GC heap before
{Heap before GC invocations=17 (full 3):
 PSYoungGen      total 197120K, used 174482K [0x00000000e0000000, 0x00000000f0980000, 0x0000000100000000)
  eden space 175104K, 99% used [0x00000000e0000000,0x00000000eaa64a68,0x00000000eab00000)
  from space 22016K, 0% used [0x00000000eab00000,0x00000000eab00000,0x00000000ec080000)
  to   space 24064K, 0% used [0x00000000ef200000,0x00000000ef200000,0x00000000f0980000)
 ParOldGen       total 95744K, used 33968K [0x00000000a0000000, 0x00000000a5d80000, 0x00000000e0000000)
  object space 95744K, 35% used [0x00000000a0000000,0x00000000a212c170,0x00000000a5d80000)
 Metaspace       used 57968K, capacity 59552K, committed 59776K, reserved 1101824K
  class space    used 7655K, capacity 8014K, committed 8064K, reserved 1048576K
Event: 12,268 GC heap after
Heap after GC invocations=17 (full 3):
 PSYoungGen      total 242688K, used 800K [0x00000000e0000000, 0x00000000f0780000, 0x0000000100000000)
  eden space 220672K, 0% used [0x00000000e0000000,0x00000000e0000000,0x00000000ed780000)
  from space 22016K, 3% used [0x00000000ef200000,0x00000000ef2c8000,0x00000000f0780000)
  to   space 24576K, 0% used [0x00000000ed780000,0x00000000ed780000,0x00000000eef80000)
 ParOldGen       total 95744K, used 33976K [0x00000000a0000000, 0x00000000a5d80000, 0x00000000e0000000)
  object space 95744K, 35% used [0x00000000a0000000,0x00000000a212e170,0x00000000a5d80000)
 Metaspace       used 57968K, capacity 59552K, committed 59776K, reserved 1101824K
  class space    used 7655K, capacity 8014K, committed 8064K, reserved 1048576K
}
Event: 13,691 GC heap before
{Heap before GC invocations=18 (full 3):
 PSYoungGen      total 242688K, used 221472K [0x00000000e0000000, 0x00000000f0780000, 0x0000000100000000)
  eden space 220672K, 100% used [0x00000000e0000000,0x00000000ed780000,0x00000000ed780000)
  from space 22016K, 3% used [0x00000000ef200000,0x00000000ef2c8000,0x00000000f0780000)
  to   space 24576K, 0% used [0x00000000ed780000,0x00000000ed780000,0x00000000eef80000)
 ParOldGen       total 95744K, used 33976K [0x00000000a0000000, 0x00000000a5d80000, 0x00000000e0000000)
  object space 95744K, 35% used [0x00000000a0000000,0x00000000a212e170,0x00000000a5d80000)
 Metaspace       used 61946K, capacity 63682K, committed 64000K, reserved 1105920K
  class space    used 8062K, capacity 8437K, committed 8448K, reserved 1048576K
Event: 13,733 GC heap after
Heap after GC invocations=18 (full 3):
 PSYoungGen      total 245248K, used 23367K [0x00000000e0000000, 0x00000000f4880000, 0x0000000100000000)
  eden space 220672K, 0% used [0x00000000e0000000,0x00000000e0000000,0x00000000ed780000)
  from space 24576K, 95% used [0x00000000ed780000,0x00000000eee51db0,0x00000000eef80000)
  to   space 28160K, 0% used [0x00000000f2d00000,0x00000000f2d00000,0x00000000f4880000)
 ParOldGen       total 95744K, used 33992K [0x00000000a0000000, 0x00000000a5d80000, 0x00000000e0000000)
  object space 95744K, 35% used [0x00000000a0000000,0x00000000a2132170,0x00000000a5d80000)
 Metaspace       used 61946K, capacity 63682K, committed 64000K, reserved 1105920K
  class space    used 8062K, capacity 8437K, committed 8448K, reserved 1048576K
}
Event: 14,580 GC heap before
{Heap before GC invocations=19 (full 3):
 PSYoungGen      total 245248K, used 244039K [0x00000000e0000000, 0x00000000f4880000, 0x0000000100000000)
  eden space 220672K, 100% used [0x00000000e0000000,0x00000000ed780000,0x00000000ed780000)
  from space 24576K, 95% used [0x00000000ed780000,0x00000000eee51db0,0x00000000eef80000)
  to   space 28160K, 0% used [0x00000000f2d00000,0x00000000f2d00000,0x00000000f4880000)
 ParOldGen       total 95744K, used 33992K [0x00000000a0000000, 0x00000000a5d80000, 0x00000000e0000000)
  object space 95744K, 35% used [0x00000000a0000000,0x00000000a2132170,0x00000000a5d80000)
 Metaspace       used 62274K, capacity 64002K, committed 64256K, reserved 1105920K
  class space    used 8063K, capacity 8437K, committed 8448K, reserved 1048576K
Event: 14,609 GC heap after
Heap after GC invocations=19 (full 3):
 PSYoungGen      total 305664K, used 23279K [0x00000000e0000000, 0x00000000f5080000, 0x0000000100000000)
  eden space 277504K, 0% used [0x00000000e0000000,0x00000000e0000000,0x00000000f0f00000)
  from space 28160K, 82% used [0x00000000f2d00000,0x00000000f43bbe98,0x00000000f4880000)
  to   space 30720K, 0% used [0x00000000f0f00000,0x00000000f0f00000,0x00000000f2d00000)
 ParOldGen       total 95744K, used 34000K [0x00000000a0000000, 0x00000000a5d80000, 0x00000000e0000000)
  object space 95744K, 35% used [0x00000000a0000000,0x00000000a2134170,0x00000000a5d80000)
 Metaspace       used 62274K, capacity 64002K, committed 64256K, reserved 1105920K
  class space    used 8063K, capacity 8437K, committed 8448K, reserved 1048576K
}
Event: 15,453 GC heap before
{Heap before GC invocations=20 (full 3):
 PSYoungGen      total 305664K, used 300783K [0x00000000e0000000, 0x00000000f5080000, 0x0000000100000000)
  eden space 277504K, 100% used [0x00000000e0000000,0x00000000f0f00000,0x00000000f0f00000)
  from space 28160K, 82% used [0x00000000f2d00000,0x00000000f43bbe98,0x00000000f4880000)
  to   space 30720K, 0% used [0x00000000f0f00000,0x00000000f0f00000,0x00000000f2d00000)
 ParOldGen       total 95744K, used 34000K [0x00000000a0000000, 0x00000000a5d80000, 0x00000000e0000000)
  object space 95744K, 35% used [0x00000000a0000000,0x00000000a2134170,0x00000000a5d80000)
 Metaspace       used 62416K, capacity 64130K, committed 64256K, reserved 1105920K
  class space    used 8065K, capacity 8437K, committed 8448K, reserved 1048576K

